2026-04-16 21:52:00 - quant_platform - INFO - Application starting...
2026-04-16 21:57:56 - quant_platform - INFO - Application starting...
2026-04-16 21:58:01 - app.middleware.middleware - INFO - Request: GET /
2026-04-16 21:58:01 - app.middleware.middleware - INFO - Response: GET / Status: 200 Time: 0.001s
2026-04-16 22:01:24 - quant_platform - INFO - Application starting...
2026-04-16 22:01:26 - app.middleware.middleware - INFO - Request: GET /
2026-04-16 22:01:26 - app.middleware.middleware - INFO - Response: GET / Status: 200 Time: 0.001s
2026-04-16 22:01:41 - app.middleware.middleware - INFO - Request: GET /doc
2026-04-16 22:01:41 - app.middleware.middleware - INFO - Response: GET /doc Status: 404 Time: 0.001s
2026-04-16 22:02:43 - quant_platform - INFO - Application starting...
2026-04-16 22:02:46 - app.middleware.middleware - INFO - Request: GET /doc
2026-04-16 22:02:46 - app.middleware.middleware - INFO - Response: GET /doc Status: 404 Time: 0.001s
2026-04-16 22:02:51 - app.middleware.middleware - INFO - Request: GET /docs
2026-04-16 22:02:51 - app.middleware.middleware - INFO - Response: GET /docs Status: 200 Time: 0.001s
2026-04-16 22:02:51 - app.middleware.middleware - INFO - Request: GET /openapi.json
2026-04-16 22:11:16 - quant_platform - INFO - Application starting...
2026-04-16 22:11:18 - app.middleware.middleware - INFO - Request: GET /
2026-04-16 22:11:18 - app.middleware.middleware - INFO - Response: GET / Status: 200 Time: 0.001s
2026-04-16 22:11:22 - app.middleware.middleware - INFO - Request: GET /
2026-04-16 22:11:22 - app.middleware.middleware - INFO - Response: GET / Status: 200 Time: 0.001s
2026-04-16 22:11:23 - app.middleware.middleware - INFO - Request: GET /docs
2026-04-16 22:11:23 - app.middleware.middleware - INFO - Response: GET /docs Status: 200 Time: 0.001s
2026-04-16 22:11:23 - app.middleware.middleware - INFO - Request: GET /openapi.json
2026-04-16 22:11:23 - app.middleware.middleware - INFO - Response: GET /openapi.json Status: 200 Time: 0.135s
2026-04-17 01:26:23 - quant_platform - INFO - Application starting...
2026-04-17 01:26:25 - app.middleware.middleware - INFO - Request: GET /
2026-04-17 01:26:25 - app.middleware.middleware - INFO - Response: GET / Status: 200 Time: 0.001s
2026-04-17 01:26:30 - app.middleware.middleware - INFO - Request: GET /
2026-04-17 01:26:30 - app.middleware.middleware - INFO - Response: GET / Status: 200 Time: 0.001s
2026-04-17 01:28:55 - app.middleware.middleware - INFO - Request: GET /api/v1/factors/
2026-04-17 01:28:55 - app.middleware.middleware - INFO - Request: GET /api/v1/factors/
2026-04-17 01:28:55 - app.middleware.middleware - INFO - Request: GET /api/v1/models/
2026-04-17 01:28:55 - app.middleware.middleware - INFO - Request: GET /api/v1/backtests/
2026-04-17 01:28:55 - app.middleware.middleware - INFO - Request: GET /api/health
2026-04-17 01:28:55 - app.middleware.middleware - INFO - Response: GET /api/v1/factors/ Status: 422 Time: 0.026s
2026-04-17 01:28:55 - app.middleware.middleware - INFO - Response: GET /api/v1/factors/ Status: 422 Time: 0.026s
2026-04-17 01:28:55 - app.middleware.middleware - INFO - Response: GET /api/v1/models/ Status: 422 Time: 0.026s
2026-04-17 01:28:55 - app.middleware.middleware - INFO - Response: GET /api/v1/backtests/ Status: 422 Time: 0.009s
2026-04-17 01:28:55 - app.middleware.middleware - INFO - Response: GET /api/health Status: 404 Time: 0.006s
2026-04-17 01:29:01 - app.middleware.middleware - INFO - Request: GET /api/v1/factors/
2026-04-17 01:29:01 - app.middleware.middleware - INFO - Response: GET /api/v1/factors/ Status: 422 Time: 0.001s
2026-04-17 01:29:06 - app.middleware.middleware - INFO - Request: GET /api/v1/models/
2026-04-17 01:29:06 - app.middleware.middleware - INFO - Response: GET /api/v1/models/ Status: 422 Time: 0.001s
2026-04-17 01:29:07 - app.middleware.middleware - INFO - Request: GET /api/v1/models/
2026-04-17 01:29:07 - app.middleware.middleware - INFO - Response: GET /api/v1/models/ Status: 422 Time: 0.001s
2026-04-17 01:29:08 - app.middleware.middleware - INFO - Request: GET /api/v1/models/
2026-04-17 01:29:08 - app.middleware.middleware - INFO - Response: GET /api/v1/models/ Status: 422 Time: 0.001s
2026-04-17 01:29:10 - app.middleware.middleware - INFO - Request: GET /api/v1/backtests/
2026-04-17 01:29:10 - app.middleware.middleware - INFO - Response: GET /api/v1/backtests/ Status: 422 Time: 0.001s
2026-04-17 01:29:11 - app.middleware.middleware - INFO - Request: GET /api/v1/backtests/
2026-04-17 01:29:11 - app.middleware.middleware - INFO - Response: GET /api/v1/backtests/ Status: 422 Time: 0.001s
2026-04-17 01:29:17 - app.middleware.middleware - INFO - Request: GET /api/v1/factors/
2026-04-17 01:29:17 - app.middleware.middleware - INFO - Response: GET /api/v1/factors/ Status: 422 Time: 0.001s
2026-04-17 01:29:17 - app.middleware.middleware - INFO - Request: GET /api/v1/factors/
2026-04-17 01:29:17 - app.middleware.middleware - INFO - Request: GET /api/v1/models/
2026-04-17 01:29:17 - app.middleware.middleware - INFO - Request: GET /api/v1/backtests/
2026-04-17 01:29:17 - app.middleware.middleware - INFO - Request: GET /api/health
2026-04-17 01:29:17 - app.middleware.middleware - INFO - Response: GET /api/v1/factors/ Status: 422 Time: 0.002s
2026-04-17 01:29:17 - app.middleware.middleware - INFO - Response: GET /api/v1/models/ Status: 422 Time: 0.002s
2026-04-17 01:29:17 - app.middleware.middleware - INFO - Response: GET /api/v1/backtests/ Status: 422 Time: 0.002s
2026-04-17 01:29:17 - app.middleware.middleware - INFO - Response: GET /api/health Status: 404 Time: 0.002s
2026-04-17 01:35:36 - app.middleware.middleware - INFO - Request: GET /api/v1/factors/
2026-04-17 01:35:36 - app.middleware.middleware - INFO - Request: GET /api/v1/factors/
2026-04-17 01:35:36 - app.middleware.middleware - INFO - Request: GET /api/v1/models/
2026-04-17 01:35:36 - app.middleware.middleware - INFO - Request: GET /api/v1/backtests/
2026-04-17 01:35:36 - app.middleware.middleware - INFO - Request: GET /api/health
2026-04-17 01:35:36 - app.middleware.middleware - INFO - Response: GET /api/v1/factors/ Status: 422 Time: 0.001s
2026-04-17 01:35:36 - app.middleware.middleware - INFO - Response: GET /api/v1/factors/ Status: 422 Time: 0.001s
2026-04-17 01:35:36 - app.middleware.middleware - INFO - Response: GET /api/v1/models/ Status: 422 Time: 0.001s
2026-04-17 01:35:36 - app.middleware.middleware - INFO - Response: GET /api/v1/backtests/ Status: 422 Time: 0.001s
2026-04-17 01:35:36 - app.middleware.middleware - INFO - Response: GET /api/health Status: 404 Time: 0.001s
2026-04-17 01:35:41 - app.middleware.middleware - INFO - Request: GET /api/v1/factors/
2026-04-17 01:35:41 - app.middleware.middleware - INFO - Request: GET /api/v1/factors/
2026-04-17 01:35:41 - app.middleware.middleware - INFO - Request: GET /api/v1/models/
2026-04-17 01:35:41 - app.middleware.middleware - INFO - Request: GET /api/v1/backtests/
2026-04-17 01:35:41 - app.middleware.middleware - INFO - Request: GET /api/health
2026-04-17 01:35:41 - app.middleware.middleware - INFO - Response: GET /api/v1/factors/ Status: 422 Time: 0.002s
2026-04-17 01:35:41 - app.middleware.middleware - INFO - Response: GET /api/v1/factors/ Status: 422 Time: 0.002s
2026-04-17 01:35:41 - app.middleware.middleware - INFO - Response: GET /api/v1/models/ Status: 422 Time: 0.002s
2026-04-17 01:35:41 - app.middleware.middleware - INFO - Response: GET /api/v1/backtests/ Status: 422 Time: 0.001s
2026-04-17 01:35:41 - app.middleware.middleware - INFO - Response: GET /api/health Status: 404 Time: 0.001s
2026-04-17 01:35:42 - app.middleware.middleware - INFO - Request: GET /api/v1/backtests/
2026-04-17 01:35:42 - app.middleware.middleware - INFO - Response: GET /api/v1/backtests/ Status: 422 Time: 0.001s
